<?xml version="1.0" encoding="UTF-8"?>
<!-- Generated by org.testng.reporters.JUnitReportReporter -->
<testsuite hostname="family" name="com.test.TwitterTest" tests="2" failures="0" timestamp="1 Oct 2016 15:27:34 GMT" time="0.010" errors="0">
  <testcase name="testId" time="0.008" classname="com.test.TwitterTest"/>
  <testcase name="testStatusCode" time="0.002" classname="com.test.TwitterTest"/>
</testsuite> <!-- com.test.TwitterTest -->
