<?xml version="1.0" encoding="UTF-8"?>
<!-- Generated by org.testng.reporters.JUnitReportReporter -->
<testsuite hostname="family" name="com.test.GithubTest" tests="4" failures="0" timestamp="26 Sep 2016 01:43:09 GMT" time="0.013" errors="0">
  <testcase name="testSatusCode" time="0.002" classname="com.test.GithubTest"/>
  <testcase name="testId" time="0.008" classname="com.test.GithubTest"/>
  <testcase name="testName" time="0.001" classname="com.test.GithubTest"/>
  <testcase name="testUserLogin" time="0.002" classname="com.test.GithubTest"/>
</testsuite> <!-- com.test.GithubTest -->
